<?xml version="1.0" encoding="UTF-8"?>
<testng-results ignored="0" total="1" passed="1" failed="0" skipped="0">
  <reporter-output>
  </reporter-output>
  <suite started-at="2022-08-04T14:47:04 EDT" name="Default suite" finished-at="2022-08-04T14:47:07 EDT" duration-ms="3238">
    <groups>
    </groups>
    <test started-at="2022-08-04T14:47:04 EDT" name="Default test" finished-at="2022-08-04T14:47:07 EDT" duration-ms="3238">
      <class name="apicalls.HTTP_Post">
        <test-method signature="Addemployee()[pri:0, instance:apicalls.HTTP_Post@3c419631]" started-at="2022-08-04T14:47:04 EDT" name="Addemployee" finished-at="2022-08-04T14:47:07 EDT" duration-ms="3184" status="PASS">
          <reporter-output>
          </reporter-output>
        </test-method> <!-- Addemployee -->
      </class> <!-- apicalls.HTTP_Post -->
    </test> <!-- Default test -->
  </suite> <!-- Default suite -->
</testng-results>
